F:\Music\张学友\张学友 - 旧情绵绵.mp3
2
2016- 5-23 20-29- 8
F:\Music\张学友\张学友 - 一千个伤心的理由.mp3
1
2016- 5-23 20-31- 9
F:\Music\张学友\张学友 - 一路上有你.mp3
1
2016- 5-23 20-31- 9
F:\Music\张学友\张学友 - 只想一生跟你走.mp3
3
2016- 5-23 20-31- 9
F:\Music\张学友\张学友 - 吻别.mp3
3
2016- 5-23 20-31- 9
F:\Music\张学友\张学友 - 回头太难.mp3
0
2016- 5-23 20-31- 9
F:\Music\张学友\张学友 - 心如刀割.mp3
4
2016- 5-23 20-31- 9
F:\Music\张学友\张学友 - 忘记你我做不到.mp3
3
2016- 5-23 20-31- 9
F:\Music\张学友\张学友 - 情书.mp3
0
2016- 5-23 20-31- 9
F:\Music\张学友\张学友 - 情网.mp3
2
2016- 5-23 20-31- 9
F:\Music\张学友\张学友 - 慢慢.mp3
1
2016- 5-23 20-31- 9
F:\Music\张学友\张学友 - 旧情绵绵.mp3
1
2016- 5-23 20-31- 9
F:\Music\张学友\张学友 - 每天爱你多一些.mp3
1
2016- 5-23 20-31- 9
F:\Music\张学友\张学友 - 秋意浓.mp3
0
2016- 5-23 20-31- 9
F:\Music\张学友\张学友 - 等你等到我心痛.mp3
0
2016- 5-23 20-31- 9
F:\Music\张学友\张学友 - 遥远的她.mp3
0
2016- 5-23 20-31- 9
F:\Music\张学友\张学友、高慧君 - 你最珍贵.mp3
0
2016- 5-23 20-31- 9
F:\Music\张学友\汤宝如、张学友 - 相思风雨中.mp3
2
2016- 5-23 20-31- 9
